<?xml version="1.0" encoding="UTF-8"?>
<testng-results skipped="0" failed="0" ignored="0" total="1" passed="1">
  <reporter-output>
    <line>
      <![CDATA[Launch automatedtester app]]>
    </line>
  </reporter-output>
  <suite name="Default suite" duration-ms="6251" started-at="2020-09-05T15:48:10Z" finished-at="2020-09-05T15:48:16Z">
    <groups>
    </groups>
    <test name="Default test" duration-ms="6251" started-at="2020-09-05T15:48:10Z" finished-at="2020-09-05T15:48:16Z">
      <class name="com.automatedtester.qa.TC001_Chapter1_ValidateDropdown">
        <test-method status="PASS" signature="beforeTest()[pri:0, instance:com.automatedtester.qa.TC001_Chapter1_ValidateDropdown@12b0404f]" name="beforeTest" is-config="true" duration-ms="6" started-at="2020-09-05T15:48:10Z" finished-at="2020-09-05T15:48:10Z">
          <reporter-output>
          </reporter-output>
        </test-method> <!-- beforeTest -->
        <test-method status="PASS" signature="f()[pri:0, instance:com.automatedtester.qa.TC001_Chapter1_ValidateDropdown@12b0404f]" name="f" duration-ms="6233" started-at="2020-09-05T15:48:10Z" finished-at="2020-09-05T15:48:16Z">
          <reporter-output>
            <line>
              <![CDATA[Launch automatedtester app]]>
            </line>
          </reporter-output>
        </test-method> <!-- f -->
        <test-method status="PASS" signature="afterTest()[pri:0, instance:com.automatedtester.qa.TC001_Chapter1_ValidateDropdown@12b0404f]" name="afterTest" is-config="true" duration-ms="1" started-at="2020-09-05T15:48:16Z" finished-at="2020-09-05T15:48:16Z">
          <reporter-output>
          </reporter-output>
        </test-method> <!-- afterTest -->
      </class> <!-- com.automatedtester.qa.TC001_Chapter1_ValidateDropdown -->
    </test> <!-- Default test -->
  </suite> <!-- Default suite -->
</testng-results>
